<?xml version="1.0" encoding="UTF-8"?>
<!-- Generated by org.testng.reporters.JUnitReportReporter -->
<testsuite skipped="0" hostname="DESKTOP-ID3EJB8" name="test.AutomationTestng" tests="1" failures="0" timestamp="2021-03-30T00:26:38 CDT" time="6.184" errors="0">
  <testcase name="toggleTest" time="6.184" classname="test.AutomationTestng"/>
  <system-out/>
</testsuite> <!-- test.AutomationTestng -->
